<?xml version="1.0" encoding="UTF-8"?>
<!-- Generated by org.testng.reporters.JUnitReportReporter -->
<testsuite hostname="200411DC0127" name="Scripts.WPBlackBoardIntegration.StudentAccessBrokenassignLinksCopiedCourse" tests="4" failures="0" timestamp="21 Nov 2013 10:27:19 GMT" time="455.768" errors="0">
  <testcase name="E4_173" time="135.548" classname="Scripts.WPBlackBoardIntegration.StudentAccessBrokenassignLinksCopiedCourse"/>
  <testcase name="E4_178" time="125.335" classname="Scripts.WPBlackBoardIntegration.StudentAccessBrokenassignLinksCopiedCourse"/>
  <testcase name="E4_177" time="90.315" classname="Scripts.WPBlackBoardIntegration.StudentAccessBrokenassignLinksCopiedCourse"/>
  <testcase name="E4_176" time="104.570" classname="Scripts.WPBlackBoardIntegration.StudentAccessBrokenassignLinksCopiedCourse"/>
</testsuite> <!-- Scripts.WPBlackBoardIntegration.StudentAccessBrokenassignLinksCopiedCourse -->
