<?xml version="1.0" encoding="UTF-8"?>
<!-- Generated by org.testng.reporters.JUnitReportReporter -->
<testsuite hostname="200411DC0127" name="Scripts.WPBlackBoardIntegration.BBWPFinishedClassAccessByDifferentRoles" tests="2" failures="0" timestamp="21 Nov 2013 09:50:36 GMT" time="267.285" errors="0">
  <testcase name="E4_330_2" time="126.165" classname="Scripts.WPBlackBoardIntegration.BBWPFinishedClassAccessByDifferentRoles"/>
  <testcase name="E4_329" time="141.120" classname="Scripts.WPBlackBoardIntegration.BBWPFinishedClassAccessByDifferentRoles"/>
</testsuite> <!-- Scripts.WPBlackBoardIntegration.BBWPFinishedClassAccessByDifferentRoles -->
