<?xml version="1.0" encoding="UTF-8"?>
<!-- Generated by org.testng.reporters.JUnitReportReporter -->
<testsuite hostname="200411DC0127" name="Scripts.WPBlackBoardIntegration.BBWPMoveUsersInActiveandFinishedClass" tests="7" failures="0" timestamp="21 Nov 2013 10:15:23 GMT" time="1032.610" errors="0">
  <testcase name="E4_322" time="202.103" classname="Scripts.WPBlackBoardIntegration.BBWPMoveUsersInActiveandFinishedClass"/>
  <testcase name="E4_319" time="96.246" classname="Scripts.WPBlackBoardIntegration.BBWPMoveUsersInActiveandFinishedClass"/>
  <testcase name="E4_317" time="92.831" classname="Scripts.WPBlackBoardIntegration.BBWPMoveUsersInActiveandFinishedClass"/>
  <testcase name="E4_320" time="181.717" classname="Scripts.WPBlackBoardIntegration.BBWPMoveUsersInActiveandFinishedClass"/>
  <testcase name="E4_318" time="95.398" classname="Scripts.WPBlackBoardIntegration.BBWPMoveUsersInActiveandFinishedClass"/>
  <testcase name="E4_323" time="253.961" classname="Scripts.WPBlackBoardIntegration.BBWPMoveUsersInActiveandFinishedClass"/>
  <testcase name="E4_316" time="110.354" classname="Scripts.WPBlackBoardIntegration.BBWPMoveUsersInActiveandFinishedClass"/>
</testsuite> <!-- Scripts.WPBlackBoardIntegration.BBWPMoveUsersInActiveandFinishedClass -->
